Build started 29/08/2018 11:37:28 PM.
     1>Project "C:\Users\alswn\Documents\Visual Studio 2013\Projects\GravityGame\SDL Class Project\SDL Class Project.vcxproj" on node 2 (Build target(s)).
     1>C:\Program Files (x86)\MSBuild\Microsoft.Cpp\v4.0\V120\Microsoft.CppBuild.targets(388,5): warning MSB8028: The intermediate directory (Debug\) contains files shared from another project (5696_Minju_Choi_Practice1.vcxproj, SDL Class Project.vcxproj).  This can lead to incorrect clean and rebuild behavior.
     1>ClCompile:
         C:\Program Files (x86)\Microsoft Visual Studio 12.0\VC\bin\CL.exe /c /ZI /nologo /W3 /WX- /sdl /Od /Oy- /D _MBCS /Gm /EHsc /RTC1 /MDd /GS /fp:precise /Zc:wchar_t /Zc:forScope /Fo"Debug\\" /Fd"Debug\vc120.pdb" /Gd /TP /analyze- /errorReport:prompt Animation.cpp main.cpp
         main.cpp
     1>c:\users\alswn\documents\visual studio 2013\projects\gravitygame\sdl class project\main.cpp(117): warning C4305: 'argument' : truncation from 'double' to 'float'
     1>c:\users\alswn\documents\visual studio 2013\projects\gravitygame\sdl class project\main.cpp(118): warning C4305: 'argument' : truncation from 'double' to 'float'
     1>c:\users\alswn\documents\visual studio 2013\projects\gravitygame\sdl class project\main.cpp(119): warning C4305: 'argument' : truncation from 'double' to 'float'
     1>c:\users\alswn\documents\visual studio 2013\projects\gravitygame\sdl class project\main.cpp(127): warning C4305: 'initializing' : truncation from 'double' to 'float'
     1>c:\users\alswn\documents\visual studio 2013\projects\gravitygame\sdl class project\main.cpp(138): warning C4244: 'initializing' : conversion from 'double' to 'float', possible loss of data
     1>c:\users\alswn\documents\visual studio 2013\projects\gravitygame\sdl class project\main.cpp(180): warning C4305: '=' : truncation from 'double' to 'float'
         Animation.cpp
         Generating Code...
       Link:
         C:\Program Files (x86)\Microsoft Visual Studio 12.0\VC\bin\link.exe /ERRORREPORT:PROMPT /OUT:"C:\Users\alswn\Documents\Visual Studio 2013\Projects\GravityGame\Debug\GravityGame.exe" /INCREMENTAL /NOLOGO SDL2.lib SDL2main.lib SDL2_image.lib kernel32.lib user32.lib gdi32.lib winspool.lib comdlg32.lib advapi32.lib shell32.lib ole32.lib oleaut32.lib uuid.lib odbc32.lib odbccp32.lib /MANIFEST /MANIFESTUAC:"level='asInvoker' uiAccess='false'" /manifest:embed /DEBUG /PDB:"C:\Users\alswn\Documents\Visual Studio 2013\Projects\GravityGame\Debug\GravityGame.pdb" /SUBSYSTEM:CONSOLE /TLBID:1 /DYNAMICBASE /NXCOMPAT /IMPLIB:"C:\Users\alswn\Documents\Visual Studio 2013\Projects\GravityGame\Debug\GravityGame.lib" /MACHINE:X86 Debug\Animation.obj
         Debug\main.obj
     1>MSVCRTD.lib(cinitexe.obj) : warning LNK4098: defaultlib 'msvcrt.lib' conflicts with use of other libs; use /NODEFAULTLIB:library
         SDL Class Project.vcxproj -> C:\Users\alswn\Documents\Visual Studio 2013\Projects\GravityGame\Debug\GravityGame.exe
     1>Done Building Project "C:\Users\alswn\Documents\Visual Studio 2013\Projects\GravityGame\SDL Class Project\SDL Class Project.vcxproj" (Build target(s)).

Build succeeded.

Time Elapsed 00:00:04.20
