Build started 24/09/2018 4:11:52 AM.
     1>Project "C:\Users\alswn\Documents\Visual Studio 2013\Projects\GravityGame\gravity-game\gravity-game.vcxproj" on node 2 (Build target(s)).
     1>ClCompile:
         C:\Program Files (x86)\Microsoft Visual Studio 12.0\VC\bin\CL.exe /c /IC:\sdl2\include /ZI /nologo /W3 /WX- /sdl /Od /Oy- /D _MBCS /Gm /EHsc /RTC1 /MDd /GS /fp:precise /Zc:wchar_t /Zc:forScope /Fo"Debug\\" /Fd"Debug\vc120.pdb" /Gd /TP /analyze- /errorReport:prompt StateMenu.cpp
         StateMenu.cpp
       Link:
         C:\Program Files (x86)\Microsoft Visual Studio 12.0\VC\bin\link.exe /ERRORREPORT:PROMPT /OUT:"C:\Users\alswn\Documents\Visual Studio 2013\Projects\GravityGame\Debug\gravity-game.exe" /INCREMENTAL /NOLOGO /LIBPATH:C:\sdl2\lib\x86 SDL2.lib SDL2main.lib SDL2_image.lib SDL2_mixer.lib SDL2_ttf.lib kernel32.lib user32.lib gdi32.lib winspool.lib comdlg32.lib advapi32.lib shell32.lib ole32.lib oleaut32.lib uuid.lib odbc32.lib odbccp32.lib /MANIFEST /MANIFESTUAC:"level='asInvoker' uiAccess='false'" /manifest:embed /DEBUG /PDB:"C:\Users\alswn\Documents\Visual Studio 2013\Projects\GravityGame\Debug\gravity-game.pdb" /SUBSYSTEM:CONSOLE /TLBID:1 /DYNAMICBASE /NXCOMPAT /IMPLIB:"C:\Users\alswn\Documents\Visual Studio 2013\Projects\GravityGame\Debug\gravity-game.lib" /MACHINE:X86 Debug\Animation.obj
         Debug\CleanUp.obj
         Debug\Crow.obj
         Debug\DrawingFunctions.obj
         Debug\GameControllerHandler.obj
         Debug\GameObject.obj
         Debug\GameState.obj
         Debug\GameStateMachine.obj
         Debug\Globals.obj
         Debug\InputHandler.obj
         Debug\KeyboardHandler.obj
         Debug\main.obj
         Debug\MouseHandler.obj
         Debug\RandomNumber.obj
         Debug\ResPath.obj
         Debug\SoundManager.obj
         Debug\StateGame.obj
         Debug\StateMenu.obj
         Debug\Vector.obj
         gravity-game.vcxproj -> C:\Users\alswn\Documents\Visual Studio 2013\Projects\GravityGame\Debug\gravity-game.exe
     1>Done Building Project "C:\Users\alswn\Documents\Visual Studio 2013\Projects\GravityGame\gravity-game\gravity-game.vcxproj" (Build target(s)).

Build succeeded.

Time Elapsed 00:00:01.94
